bell-a095.rcac.purdue.edu

The following have been reloaded with a version change:
  1) anaconda/2020.02-py37 => anaconda/2020.11-py38

<frozen importlib._bootstrap>:283: DeprecationWarning: the load_module() method is deprecated and slated for removal in Python 3.12; use exec_module() instead
slurmstepd: error: *** JOB 24839922 ON bell-a369 CANCELLED AT 2023-04-21T15:08:07 ***
slurmstepd: error: Detected 234 oom-kill event(s) in StepId=24839922.batch. Some of your processes may have been killed by the cgroup out-of-memory handler.

## You are using the Python ARM Radar Toolkit (Py-ART), an open source
## library for working with weather radar data. Py-ART is partly
## supported by the U.S. Department of Energy as part of the Atmospheric
## Radiation Measurement (ARM) Climate Research Facility, an Office of
## Science user facility.
##
## If you use this software to prepare a publication, please cite:
##
##     JJ Helmus and SM Collis, JORS 2016, doi: 10.5334/jors.119

      ID       lat       lon   elev  distance
63  KGWX  33.89667 -88.32889  476.0  0.181607
Available files:  54
Reading file: KGWX20220330_220424_V06.nc
Deleting: KGWX20220330_220424_V06.nc
Saving Grid: KGWX20220330_220424_V06.nc
Reading file: KGWX20220330_221124_V06.nc
Deleting: KGWX20220330_221124_V06.nc
Saving Grid: KGWX20220330_221124_V06.nc
Reading file: KGWX20220330_221824_V06.nc
Deleting: KGWX20220330_221824_V06.nc
Saving Grid: KGWX20220330_221824_V06.nc
Reading file: KGWX20220330_222523_V06.nc
Deleting: KGWX20220330_222523_V06.nc
Saving Grid: KGWX20220330_222523_V06.nc
Reading file: KGWX20220330_223210_V06.nc
Deleting: KGWX20220330_223210_V06.nc
Saving Grid: KGWX20220330_223210_V06.nc
Reading file: KGWX20220330_223845_V06.nc
Deleting: KGWX20220330_223845_V06.nc
Saving Grid: KGWX20220330_223845_V06.nc
Reading file: KGWX20220330_224545_V06.nc
Deleting: KGWX20220330_224545_V06.nc
Saving Grid: KGWX20220330_224545_V06.nc
Reading file: KGWX20220330_225209_V06.nc
Deleting: KGWX20220330_225209_V06.nc
Saving Grid: KGWX20220330_225209_V06.nc
Reading file: KGWX20220330_225909_V06.nc
Deleting: KGWX20220330_225909_V06.nc
Saving Grid: KGWX20220330_225909_V06.nc
Reading file: KGWX20220330_230555_V06.nc
Deleting: KGWX20220330_230555_V06.nc
Saving Grid: KGWX20220330_230555_V06.nc
Reading file: KGWX20220330_231240_V06.nc
Deleting: KGWX20220330_231240_V06.nc
Saving Grid: KGWX20220330_231240_V06.nc
Reading file: KGWX20220330_231927_V06.nc
Deleting: KGWX20220330_231927_V06.nc
Saving Grid: KGWX20220330_231927_V06.nc
Reading file: KGWX20220330_232552_V06.nc
Deleting: KGWX20220330_232552_V06.nc
Saving Grid: KGWX20220330_232552_V06.nc
Reading file: KGWX20220330_233252_V06.nc
Deleting: KGWX20220330_233252_V06.nc
Saving Grid: KGWX20220330_233252_V06.nc
Reading file: KGWX20220330_233952_V06.nc
Deleting: KGWX20220330_233952_V06.nc
Saving Grid: KGWX20220330_233952_V06.nc
Reading file: KGWX20220330_234639_V06.nc
Deleting: KGWX20220330_234639_V06.nc
Saving Grid: KGWX20220330_234639_V06.nc
Reading file: KGWX20220330_235324_V06.nc
Deleting: KGWX20220330_235324_V06.nc
Saving Grid: KGWX20220330_235324_V06.nc
Reading file: KGWX20220330_235959_V06.nc
Deleting: KGWX20220330_235959_V06.nc
Saving Grid: KGWX20220330_235959_V06.nc
Reading file: KGWX20220331_000624_V06.nc
Deleting: KGWX20220331_000624_V06.nc
Saving Grid: KGWX20220331_000624_V06.nc
Reading file: KGWX20220331_001259_V06.nc
Deleting: KGWX20220331_001259_V06.nc
Saving Grid: KGWX20220331_001259_V06.nc
Reading file: KGWX20220331_002040_V06.nc
Deleting: KGWX20220331_002040_V06.nc
Saving Grid: KGWX20220331_002040_V06.nc
Reading file: KGWX20220331_002655_V06.nc
Deleting: KGWX20220331_002655_V06.nc
Saving Grid: KGWX20220331_002655_V06.nc
Reading file: KGWX20220331_003330_V06.nc
Deleting: KGWX20220331_003330_V06.nc
Saving Grid: KGWX20220331_003330_V06.nc
Reading file: KGWX20220331_003955_V06.nc
Deleting: KGWX20220331_003955_V06.nc
Saving Grid: KGWX20220331_003955_V06.nc
Reading file: KGWX20220331_004620_V06.nc
Deleting: KGWX20220331_004620_V06.nc
Saving Grid: KGWX20220331_004620_V06.nc
Reading file: KGWX20220331_005306_V06.nc
Deleting: KGWX20220331_005306_V06.nc
Saving Grid: KGWX20220331_005306_V06.nc
Reading file: KGWX20220331_005921_V06.nc
Deleting: KGWX20220331_005921_V06.nc
Saving Grid: KGWX20220331_005921_V06.nc
Reading file: KGWX20220331_010537_V06.nc
Deleting: KGWX20220331_010537_V06.nc
Saving Grid: KGWX20220331_010537_V06.nc
Reading file: KGWX20220331_011153_V06.nc
Deleting: KGWX20220331_011153_V06.nc
Saving Grid: KGWX20220331_011153_V06.nc
Reading file: KGWX20220331_011809_V06.nc
Deleting: KGWX20220331_011809_V06.nc
Saving Grid: KGWX20220331_011809_V06.nc
Reading file: KGWX20220331_012508_V06.nc
Deleting: KGWX20220331_012508_V06.nc
Saving Grid: KGWX20220331_012508_V06.nc
Reading file: KGWX20220331_013208_V06.nc
Deleting: KGWX20220331_013208_V06.nc
Saving Grid: KGWX20220331_013208_V06.nc
Reading file: KGWX20220331_013833_V06.nc
Deleting: KGWX20220331_013833_V06.nc
Saving Grid: KGWX20220331_013833_V06.nc
Reading file: KGWX20220331_014449_V06.nc
Deleting: KGWX20220331_014449_V06.nc
Saving Grid: KGWX20220331_014449_V06.nc
Reading file: KGWX20220331_015105_V06.nc
Deleting: KGWX20220331_015105_V06.nc
Saving Grid: KGWX20220331_015105_V06.nc
Reading file: KGWX20220331_015720_V06.nc
Deleting: KGWX20220331_015720_V06.nc
Saving Grid: KGWX20220331_015720_V06.nc
Reading file: KGWX20220331_020336_V06.nc
Deleting: KGWX20220331_020336_V06.nc
Saving Grid: KGWX20220331_020336_V06.nc
Reading file: KGWX20220331_021011_V06.nc
Deleting: KGWX20220331_021011_V06.nc
Saving Grid: KGWX20220331_021011_V06.nc
Reading file: KGWX20220331_021712_V06.nc
Deleting: KGWX20220331_021712_V06.nc
Saving Grid: KGWX20220331_021712_V06.nc
Reading file: KGWX20220331_022411_V06.nc
Deleting: KGWX20220331_022411_V06.nc
Saving Grid: KGWX20220331_022411_V06.nc
Reading file: KGWX20220331_023026_V06.nc
Deleting: KGWX20220331_023026_V06.nc
Saving Grid: KGWX20220331_023026_V06.nc
Reading file: KGWX20220331_023641_V06.nc
Deleting: KGWX20220331_023641_V06.nc
Saving Grid: KGWX20220331_023641_V06.nc
Reading file: KGWX20220331_024306_V06.nc
Deleting: KGWX20220331_024306_V06.nc
Saving Grid: KGWX20220331_024306_V06.nc
Reading file: KGWX20220331_025006_V06.nc
Deleting: KGWX20220331_025006_V06.nc
Saving Grid: KGWX20220331_025006_V06.nc
Reading file: KGWX20220331_025705_V06.nc
Deleting: KGWX20220331_025705_V06.nc
Saving Grid: KGWX20220331_025705_V06.nc
Reading file: KGWX20220331_030405_V06.nc
Deleting: KGWX20220331_030405_V06.nc
Saving Grid: KGWX20220331_030405_V06.nc
Reading file: KGWX20220331_031051_V06.nc
Deleting: KGWX20220331_031051_V06.nc
Saving Grid: KGWX20220331_031051_V06.nc
Reading file: KGWX20220331_031736_V06.nc
Deleting: KGWX20220331_031736_V06.nc
Saving Grid: KGWX20220331_031736_V06.nc
Reading file: KGWX20220331_032407_V06.nc
Deleting: KGWX20220331_032407_V06.nc
Saving Grid: KGWX20220331_032407_V06.nc
Reading file: KGWX20220331_033052_V06.nc
Deleting: KGWX20220331_033052_V06.nc
Saving Grid: KGWX20220331_033052_V06.nc
Reading file: KGWX20220331_033724_V06.nc
Deleting: KGWX20220331_033724_V06.nc
Saving Grid: KGWX20220331_033724_V06.nc
Reading file: KGWX20220331_034356_V06.nc
Deleting: KGWX20220331_034356_V06.nc
Saving Grid: KGWX20220331_034356_V06.nc
Reading file: KGWX20220331_035014_V06.nc
Deleting: KGWX20220331_035014_V06.nc
Saving Grid: KGWX20220331_035014_V06.nc
Reading file: KGWX20220331_035633_V06.nc
Deleting: KGWX20220331_035633_V06.nc
Saving Grid: KGWX20220331_035633_V06.nc
