bell-a213.rcac.purdue.edu

The following have been reloaded with a version change:
  1) anaconda/2020.02-py37 => anaconda/2020.11-py38

<frozen importlib._bootstrap>:283: DeprecationWarning: the load_module() method is deprecated and slated for removal in Python 3.12; use exec_module() instead

## You are using the Python ARM Radar Toolkit (Py-ART), an open source
## library for working with weather radar data. Py-ART is partly
## supported by the U.S. Department of Energy as part of the Atmospheric
## Radiation Measurement (ARM) Climate Research Facility, an Office of
## Science user facility.
##
## If you use this software to prepare a publication, please cite:
##
##     JJ Helmus and SM Collis, JORS 2016, doi: 10.5334/jors.119

No. of COW1 files: 181
No. of DOW7 files: 148
No. of DOW8 files: 173
cfrad.20220322_170444.122_to_20220322_170533.794_COW1high_SUR.nc
cfrad.20220322_170533.811_to_20220322_170713.162_COW1high_SUR.nc
cfrad.20220322_170713.179_to_20220322_170904.969_COW1high_SUR.nc
cfrad.20220322_171015.498_to_20220322_171145.636_COW1high_SUR.nc
cfrad.20220322_171145.652_to_20220322_171341.476_COW1high_SUR.nc
cfrad.20220322_171341.493_to_20220322_171511.559_COW1high_SUR.nc
cfrad.20220322_171511.577_to_20220322_171641.649_COW1high_SUR.nc
cfrad.20220322_171641.666_to_20220322_171838.494_COW1high_SUR.nc
cfrad.20220322_172010.798_to_20220322_172140.914_COW1high_SUR.nc
cfrad.20220322_172140.931_to_20220322_172336.739_COW1high_SUR.nc
cfrad.20220322_172336.757_to_20220322_172506.822_COW1high_SUR.nc
cfrad.20220322_172506.840_to_20220322_172638.605_COW1high_SUR.nc
cfrad.20220322_172638.620_to_20220322_172832.766_COW1high_SUR.nc
cfrad.20220322_173010.698_to_20220322_173140.827_COW1high_SUR.nc
cfrad.20220322_173140.844_to_20220322_173336.643_COW1high_SUR.nc
cfrad.20220322_173336.661_to_20220322_173507.440_COW1high_SUR.nc
cfrad.20220322_173507.457_to_20220322_173636.844_COW1high_SUR.nc
cfrad.20220322_173636.862_to_20220322_173832.675_COW1high_SUR.nc
cfrad.20220322_174023.755_to_20220322_174153.871_COW1high_SUR.nc
cfrad.20220322_174153.890_to_20220322_174349.709_COW1high_SUR.nc
cfrad.20220322_174349.727_to_20220322_174519.802_COW1high_SUR.nc
cfrad.20220322_174519.818_to_20220322_174649.904_COW1high_SUR.nc
cfrad.20220322_174649.921_to_20220322_174854.212_COW1high_SUR.nc
cfrad.20220322_174927.210_to_20220322_175229.632_COW1high_SUR.nc
cfrad.20220322_175229.651_to_20220322_175425.457_COW1high_SUR.nc
cfrad.20220322_175425.474_to_20220322_175555.551_COW1high_SUR.nc
cfrad.20220322_175555.568_to_20220322_175725.634_COW1high_SUR.nc
cfrad.20220322_175725.651_to_20220322_175921.476_COW1high_SUR.nc
cfrad.20220322_180023.472_to_20220322_180153.596_COW1high_SUR.nc
cfrad.20220322_180153.614_to_20220322_180349.414_COW1high_SUR.nc
cfrad.20220322_180349.432_to_20220322_180522.928_COW1high_SUR.nc
cfrad.20220322_180522.943_to_20220322_180650.023_COW1high_SUR.nc
cfrad.20220322_180650.039_to_20220322_180846.069_COW1high_SUR.nc
cfrad.20220322_181032.923_to_20220322_181204.874_COW1high_SUR.nc
cfrad.20220322_181204.889_to_20220322_181358.881_COW1high_SUR.nc
cfrad.20220322_181358.898_to_20220322_181528.960_COW1high_SUR.nc
cfrad.20220322_181528.978_to_20220322_181701.702_COW1high_SUR.nc
cfrad.20220322_181701.717_to_20220322_181854.892_COW1high_SUR.nc
cfrad.20220322_182021.295_to_20220322_182151.426_COW1high_SUR.nc
cfrad.20220322_182151.444_to_20220322_182347.254_COW1high_SUR.nc
cfrad.20220322_182347.272_to_20220322_182517.345_COW1high_SUR.nc
cfrad.20220322_182517.363_to_20220322_182647.434_COW1high_SUR.nc
cfrad.20220322_182647.450_to_20220322_182843.268_COW1high_SUR.nc
cfrad.20220322_183010.805_to_20220322_183140.930_COW1high_SUR.nc
cfrad.20220322_183140.948_to_20220322_183336.766_COW1high_SUR.nc
cfrad.20220322_183336.784_to_20220322_183506.861_COW1high_SUR.nc
cfrad.20220322_183506.879_to_20220322_183636.950_COW1high_SUR.nc
cfrad.20220322_183636.968_to_20220322_183834.786_COW1high_SUR.nc
cfrad.20220322_184025.476_to_20220322_184155.577_COW1high_SUR.nc
cfrad.20220322_184155.594_to_20220322_184351.410_COW1high_SUR.nc
cfrad.20220322_184351.429_to_20220322_184521.503_COW1high_SUR.nc
cfrad.20220322_184521.521_to_20220322_184652.057_COW1high_SUR.nc
cfrad.20220322_184652.072_to_20220322_184847.450_COW1high_SUR.nc
cfrad.20220322_185011.104_to_20220322_185141.239_COW1high_SUR.nc
cfrad.20220322_185141.257_to_20220322_185337.072_COW1high_SUR.nc
cfrad.20220322_185337.091_to_20220322_185507.161_COW1high_SUR.nc
cfrad.20220322_185507.178_to_20220322_185637.257_COW1high_SUR.nc
cfrad.20220322_185637.275_to_20220322_185833.087_COW1high_SUR.nc
cfrad.20220322_190010.803_to_20220322_190140.952_COW1high_SUR.nc
cfrad.20220322_190140.970_to_20220322_190336.767_COW1high_SUR.nc
cfrad.20220322_190336.785_to_20220322_190506.868_COW1high_SUR.nc
cfrad.20220322_190506.885_to_20220322_190636.952_COW1high_SUR.nc
cfrad.20220322_190636.969_to_20220322_190839.746_COW1high_SUR.nc
cfrad.20220322_190913.115_to_20220322_191150.241_COW1high_SUR.nc
cfrad.20220322_191150.260_to_20220322_191346.056_COW1high_SUR.nc
cfrad.20220322_191346.075_to_20220322_191516.141_COW1high_SUR.nc
cfrad.20220322_191516.159_to_20220322_191646.239_COW1high_SUR.nc
cfrad.20220322_191646.257_to_20220322_191842.077_COW1high_SUR.nc
cfrad.20220322_192010.749_to_20220322_192140.864_COW1high_SUR.nc
cfrad.20220322_192140.882_to_20220322_192336.702_COW1high_SUR.nc
cfrad.20220322_192336.721_to_20220322_192506.797_COW1high_SUR.nc
cfrad.20220322_192506.813_to_20220322_192636.887_COW1high_SUR.nc
cfrad.20220322_192636.905_to_20220322_192832.716_COW1high_SUR.nc
cfrad.20220322_193010.969_to_20220322_193141.094_COW1high_SUR.nc
cfrad.20220322_193141.111_to_20220322_193336.929_COW1high_SUR.nc
cfrad.20220322_193336.947_to_20220322_193507.019_COW1high_SUR.nc
cfrad.20220322_193507.037_to_20220322_193637.124_COW1high_SUR.nc
cfrad.20220322_193637.141_to_20220322_193833.251_COW1high_SUR.nc
cfrad.20220322_194022.717_to_20220322_194152.838_COW1high_SUR.nc
cfrad.20220322_194152.856_to_20220322_194350.672_COW1high_SUR.nc
cfrad.20220322_194350.686_to_20220322_194518.747_COW1high_SUR.nc
cfrad.20220322_194518.764_to_20220322_194650.727_COW1high_SUR.nc
cfrad.20220322_194650.743_to_20220322_194844.717_COW1high_SUR.nc
cfrad.20220322_195011.465_to_20220322_195144.503_COW1high_SUR.nc
cfrad.20220322_195144.519_to_20220322_195337.417_COW1high_SUR.nc
cfrad.20220322_195337.433_to_20220322_195507.797_COW1high_SUR.nc
cfrad.20220322_195507.811_to_20220322_195637.628_COW1high_SUR.nc
cfrad.20220322_195637.644_to_20220322_195833.386_COW1high_SUR.nc
cfrad.20220322_200023.479_to_20220322_200153.583_COW1high_SUR.nc
cfrad.20220322_200153.600_to_20220322_200349.441_COW1high_SUR.nc
cfrad.20220322_200349.458_to_20220322_200519.508_COW1high_SUR.nc
cfrad.20220322_200519.529_to_20220322_200649.642_COW1high_SUR.nc
cfrad.20220322_200649.659_to_20220322_200845.432_COW1high_SUR.nc
cfrad.20220322_201010.907_to_20220322_201141.244_COW1high_SUR.nc
cfrad.20220322_201141.260_to_20220322_201337.811_COW1high_SUR.nc
cfrad.20220322_201337.826_to_20220322_201507.127_COW1high_SUR.nc
cfrad.20220322_201507.141_to_20220322_201637.071_COW1high_SUR.nc
cfrad.20220322_201637.089_to_20220322_201832.895_COW1high_SUR.nc
cfrad.20220322_202016.945_to_20220322_202147.433_COW1high_SUR.nc
cfrad.20220322_202147.448_to_20220322_202342.930_COW1high_SUR.nc
cfrad.20220322_202342.946_to_20220322_202512.974_COW1high_SUR.nc
cfrad.20220322_202512.991_to_20220322_202643.634_COW1high_SUR.nc
cfrad.20220322_202643.648_to_20220322_202838.908_COW1high_SUR.nc
cfrad.20220322_203013.448_to_20220322_203143.580_COW1high_SUR.nc
cfrad.20220322_203143.596_to_20220322_203339.395_COW1high_SUR.nc
cfrad.20220322_203339.411_to_20220322_203509.653_COW1high_SUR.nc
cfrad.20220322_203509.667_to_20220322_203639.614_COW1high_SUR.nc
cfrad.20220322_203639.632_to_20220322_203835.430_COW1high_SUR.nc
cfrad.20220322_204011.771_to_20220322_204141.889_COW1high_SUR.nc
cfrad.20220322_204141.905_to_20220322_204339.881_COW1high_SUR.nc
cfrad.20220322_204339.897_to_20220322_204507.832_COW1high_SUR.nc
cfrad.20220322_204507.847_to_20220322_204637.888_COW1high_SUR.nc
cfrad.20220322_204637.904_to_20220322_204833.689_COW1high_SUR.nc
cfrad.20220322_205010.917_to_20220322_205141.026_COW1high_SUR.nc
cfrad.20220322_205141.040_to_20220322_205336.819_COW1high_SUR.nc
cfrad.20220322_205336.838_to_20220322_205507.026_COW1high_SUR.nc
cfrad.20220322_205507.043_to_20220322_205637.098_COW1high_SUR.nc
cfrad.20220322_205637.114_to_20220322_205832.881_COW1high_SUR.nc
cfrad.20220322_210011.574_to_20220322_210141.734_COW1high_SUR.nc
cfrad.20220322_210141.000_to_20220322_210337.576_COW1high_SUR.nc
cfrad.20220322_210337.598_to_20220322_210507.618_COW1high_SUR.nc
cfrad.20220322_210507.633_to_20220322_210637.714_COW1high_SUR.nc
cfrad.20220322_210637.732_to_20220322_210833.578_COW1high_SUR.nc
cfrad.20220322_211010.815_to_20220322_211140.937_COW1high_SUR.nc
cfrad.20220322_211140.954_to_20220322_211336.776_COW1high_SUR.nc
cfrad.20220322_211336.791_to_20220322_211506.866_COW1high_SUR.nc
cfrad.20220322_211506.881_to_20220322_211636.932_COW1high_SUR.nc
cfrad.20220322_211636.947_to_20220322_211832.979_COW1high_SUR.nc
cfrad.20220322_212010.929_to_20220322_212141.078_COW1high_SUR.nc
cfrad.20220322_212141.094_to_20220322_212336.902_COW1high_SUR.nc
cfrad.20220322_212336.919_to_20220322_212506.980_COW1high_SUR.nc
cfrad.20220322_212506.995_to_20220322_212637.159_COW1high_SUR.nc
cfrad.20220322_212637.175_to_20220322_212832.888_COW1high_SUR.nc
cfrad.20220322_213011.004_to_20220322_213141.147_COW1high_SUR.nc
cfrad.20220322_213141.162_to_20220322_213336.986_COW1high_SUR.nc
cfrad.20220322_213337.001_to_20220322_213507.041_COW1high_SUR.nc
cfrad.20220322_213507.058_to_20220322_213637.192_COW1high_SUR.nc
cfrad.20220322_213637.208_to_20220322_213833.009_COW1high_SUR.nc
cfrad.20220322_214011.065_to_20220322_214141.193_COW1high_SUR.nc
cfrad.20220322_214141.212_to_20220322_214336.984_COW1high_SUR.nc
cfrad.20220322_214337.003_to_20220322_214507.070_COW1high_SUR.nc
cfrad.20220322_214507.088_to_20220322_214637.185_COW1high_SUR.nc
cfrad.20220322_214637.199_to_20220322_214833.742_COW1high_SUR.nc
cfrad.20220322_215011.053_to_20220322_215141.198_COW1high_SUR.nc
cfrad.20220322_215141.214_to_20220322_215336.973_COW1high_SUR.nc
cfrad.20220322_215337.008_to_20220322_215507.098_COW1high_SUR.nc
cfrad.20220322_215507.117_to_20220322_215637.237_COW1high_SUR.nc
cfrad.20220322_215637.256_to_20220322_215833.080_COW1high_SUR.nc
cfrad.20220322_220010.994_to_20220322_220141.142_COW1high_SUR.nc
cfrad.20220322_220141.163_to_20220322_220338.283_COW1high_SUR.nc
cfrad.20220322_220338.299_to_20220322_220506.977_COW1high_SUR.nc
cfrad.20220322_220506.998_to_20220322_220637.657_COW1high_SUR.nc
cfrad.20220322_220637.674_to_20220322_220832.909_COW1high_SUR.nc
cfrad.20220322_221010.976_to_20220322_221141.087_COW1high_SUR.nc
cfrad.20220322_221141.103_to_20220322_221336.926_COW1high_SUR.nc
cfrad.20220322_221336.943_to_20220322_221506.963_COW1high_SUR.nc
cfrad.20220322_221506.984_to_20220322_221637.128_COW1high_SUR.nc
cfrad.20220322_221637.144_to_20220322_221832.922_COW1high_SUR.nc
cfrad.20220322_222011.011_to_20220322_222141.155_COW1high_SUR.nc
cfrad.20220322_222141.171_to_20220322_222337.015_COW1high_SUR.nc
cfrad.20220322_222337.029_to_20220322_222507.116_COW1high_SUR.nc
cfrad.20220322_222507.133_to_20220322_222637.100_COW1high_SUR.nc
cfrad.20220322_222637.115_to_20220322_222832.923_COW1high_SUR.nc
cfrad.20220322_223010.661_to_20220322_223140.744_COW1high_SUR.nc
cfrad.20220322_223140.767_to_20220322_223336.600_COW1high_SUR.nc
cfrad.20220322_223336.613_to_20220322_223506.687_COW1high_SUR.nc
cfrad.20220322_223506.701_to_20220322_223636.762_COW1high_SUR.nc
cfrad.20220322_223636.808_to_20220322_223832.708_COW1high_SUR.nc
cfrad.20220322_224010.946_to_20220322_224140.969_COW1high_SUR.nc
cfrad.20220322_224140.989_to_20220322_224336.812_COW1high_SUR.nc
cfrad.20220322_224336.833_to_20220322_224506.988_COW1high_SUR.nc
cfrad.20220322_224507.002_to_20220322_224637.229_COW1high_SUR.nc
cfrad.20220322_224637.244_to_20220322_224832.902_COW1high_SUR.nc
cfrad.20220322_225013.077_to_20220322_225143.238_COW1high_SUR.nc
cfrad.20220322_225143.260_to_20220322_225339.080_COW1high_SUR.nc
cfrad.20220322_225339.094_to_20220322_225509.203_COW1high_SUR.nc
cfrad.20220322_225509.220_to_20220322_225639.209_COW1high_SUR.nc
cfrad.20220322_225639.232_to_20220322_225835.066_COW1high_SUR.nc
cfrad.20220322_230014.631_to_20220322_230145.235_COW1high_SUR.nc
cfrad.20220322_230145.249_to_20220322_230340.690_COW1high_SUR.nc
cfrad.20220322_230340.706_to_20220322_230510.678_COW1high_SUR.nc
cfrad.20220322_175903.598_to_20220322_175927.343_DOW7high_SUR.nc
cfrad.20220322_175927.358_to_20220322_180114.271_DOW7high_SUR.nc
cfrad.20220322_180114.286_to_20220322_180309.314_DOW7high_SUR.nc
cfrad.20220322_180309.331_to_20220322_180452.804_DOW7high_SUR.nc
cfrad.20220322_181003.716_to_20220322_181138.741_DOW7high_SUR.nc
cfrad.20220322_181138.758_to_20220322_181325.673_DOW7high_SUR.nc
cfrad.20220322_181325.688_to_20220322_181512.602_DOW7high_SUR.nc
cfrad.20220322_181512.617_to_20220322_181707.641_DOW7high_SUR.nc
cfrad.20220322_181707.657_to_20220322_181851.127_DOW7high_SUR.nc
cfrad.20220322_182009.223_to_20220322_182144.258_DOW7high_SUR.nc
cfrad.20220322_182144.274_to_20220322_182331.187_DOW7high_SUR.nc
cfrad.20220322_182331.204_to_20220322_182518.119_DOW7high_SUR.nc
cfrad.20220322_182518.136_to_20220322_182713.162_DOW7high_SUR.nc
cfrad.20220322_182713.178_to_20220322_182837.724_DOW7high_SUR.nc
cfrad.20220322_183009.911_to_20220322_183144.939_DOW7high_SUR.nc
cfrad.20220322_183144.956_to_20220322_183331.876_DOW7high_SUR.nc
cfrad.20220322_183331.893_to_20220322_183506.924_DOW7high_SUR.nc
cfrad.20220322_184056.687_to_20220322_184219.841_DOW7high_SUR.nc
cfrad.20220322_184219.858_to_20220322_184406.769_DOW7high_SUR.nc
cfrad.20220322_184406.785_to_20220322_184553.701_DOW7high_SUR.nc
cfrad.20220322_184553.717_to_20220322_184748.739_DOW7high_SUR.nc
cfrad.20220322_184748.756_to_20220322_184932.219_DOW7high_SUR.nc
cfrad.20220322_185018.674_to_20220322_185153.703_DOW7high_SUR.nc
cfrad.20220322_185153.720_to_20220322_185340.633_DOW7high_SUR.nc
cfrad.20220322_185340.650_to_20220322_185527.563_DOW7high_SUR.nc
cfrad.20220322_185527.578_to_20220322_185722.606_DOW7high_SUR.nc
cfrad.20220322_185722.622_to_20220322_185906.089_DOW7high_SUR.nc
cfrad.20220322_190009.212_to_20220322_190144.248_DOW7high_SUR.nc
cfrad.20220322_190144.265_to_20220322_190331.179_DOW7high_SUR.nc
cfrad.20220322_190331.195_to_20220322_190518.111_DOW7high_SUR.nc
cfrad.20220322_190518.127_to_20220322_190713.154_DOW7high_SUR.nc
cfrad.20220322_190713.171_to_20220322_190856.630_DOW7high_SUR.nc
cfrad.20220322_191009.907_to_20220322_191144.938_DOW7high_SUR.nc
cfrad.20220322_191144.954_to_20220322_191331.871_DOW7high_SUR.nc
cfrad.20220322_191331.886_to_20220322_191518.797_DOW7high_SUR.nc
cfrad.20220322_191518.814_to_20220322_191713.842_DOW7high_SUR.nc
cfrad.20220322_191713.858_to_20220322_191857.325_DOW7high_SUR.nc
cfrad.20220322_192009.440_to_20220322_192144.468_DOW7high_SUR.nc
cfrad.20220322_192144.485_to_20220322_192331.396_DOW7high_SUR.nc
cfrad.20220322_192331.413_to_20220322_192518.328_DOW7high_SUR.nc
cfrad.20220322_192518.345_to_20220322_192713.371_DOW7high_SUR.nc
cfrad.20220322_192713.388_to_20220322_192856.851_DOW7high_SUR.nc
cfrad.20220322_193010.123_to_20220322_193145.155_DOW7high_SUR.nc
cfrad.20220322_193145.172_to_20220322_193332.085_DOW7high_SUR.nc
cfrad.20220322_193332.101_to_20220322_193519.013_DOW7high_SUR.nc
cfrad.20220322_193519.030_to_20220322_193714.055_DOW7high_SUR.nc
cfrad.20220322_193714.071_to_20220322_193857.536_DOW7high_SUR.nc
cfrad.20220322_194009.158_to_20220322_194144.187_DOW7high_SUR.nc
cfrad.20220322_194144.202_to_20220322_194331.117_DOW7high_SUR.nc
cfrad.20220322_194331.134_to_20220322_194518.044_DOW7high_SUR.nc
cfrad.20220322_194518.061_to_20220322_194713.085_DOW7high_SUR.nc
cfrad.20220322_194713.101_to_20220322_194856.564_DOW7high_SUR.nc
cfrad.20220322_195009.800_to_20220322_195144.822_DOW7high_SUR.nc
cfrad.20220322_195144.839_to_20220322_195331.755_DOW7high_SUR.nc
cfrad.20220322_195331.772_to_20220322_195518.686_DOW7high_SUR.nc
cfrad.20220322_195518.703_to_20220322_195713.725_DOW7high_SUR.nc
cfrad.20220322_195713.741_to_20220322_195857.208_DOW7high_SUR.nc
cfrad.20220322_200009.187_to_20220322_200144.214_DOW7high_SUR.nc
cfrad.20220322_200144.229_to_20220322_200331.143_DOW7high_SUR.nc
cfrad.20220322_200331.160_to_20220322_200518.072_DOW7high_SUR.nc
cfrad.20220322_200518.089_to_20220322_200713.113_DOW7high_SUR.nc
cfrad.20220322_200713.128_to_20220322_200856.595_DOW7high_SUR.nc
cfrad.20220322_201009.825_to_20220322_201144.853_DOW7high_SUR.nc
cfrad.20220322_201144.870_to_20220322_201331.782_DOW7high_SUR.nc
cfrad.20220322_201331.799_to_20220322_201518.711_DOW7high_SUR.nc
cfrad.20220322_201518.728_to_20220322_201713.753_DOW7high_SUR.nc
cfrad.20220322_201713.769_to_20220322_201857.241_DOW7high_SUR.nc
cfrad.20220322_202009.214_to_20220322_202144.249_DOW7high_SUR.nc
cfrad.20220322_202144.266_to_20220322_202331.178_DOW7high_SUR.nc
cfrad.20220322_202331.195_to_20220322_202518.104_DOW7high_SUR.nc
cfrad.20220322_202518.120_to_20220322_202713.151_DOW7high_SUR.nc
cfrad.20220322_202713.166_to_20220322_202856.629_DOW7high_SUR.nc
cfrad.20220322_203009.855_to_20220322_203144.885_DOW7high_SUR.nc
cfrad.20220322_203144.902_to_20220322_203331.820_DOW7high_SUR.nc
cfrad.20220322_203331.837_to_20220322_203518.749_DOW7high_SUR.nc
cfrad.20220322_203518.765_to_20220322_203713.790_DOW7high_SUR.nc
cfrad.20220322_203713.805_to_20220322_203857.270_DOW7high_SUR.nc
cfrad.20220322_204009.227_to_20220322_204144.260_DOW7high_SUR.nc
cfrad.20220322_204144.277_to_20220322_204331.194_DOW7high_SUR.nc
cfrad.20220322_204331.209_to_20220322_204518.120_DOW7high_SUR.nc
cfrad.20220322_204518.137_to_20220322_204713.164_DOW7high_SUR.nc
cfrad.20220322_204713.179_to_20220322_204856.639_DOW7high_SUR.nc
cfrad.20220322_205010.195_to_20220322_205145.226_DOW7high_SUR.nc
cfrad.20220322_205145.241_to_20220322_205332.155_DOW7high_SUR.nc
cfrad.20220322_205332.170_to_20220322_205519.088_DOW7high_SUR.nc
cfrad.20220322_205519.105_to_20220322_205714.128_DOW7high_SUR.nc
cfrad.20220322_205714.143_to_20220322_205857.607_DOW7high_SUR.nc
cfrad.20220322_210009.262_to_20220322_210144.290_DOW7high_SUR.nc
cfrad.20220322_210144.307_to_20220322_210331.219_DOW7high_SUR.nc
cfrad.20220322_210331.236_to_20220322_210518.152_DOW7high_SUR.nc
cfrad.20220322_210518.169_to_20220322_210713.193_DOW7high_SUR.nc
cfrad.20220322_210713.209_to_20220322_210856.671_DOW7high_SUR.nc
cfrad.20220322_211009.908_to_20220322_211144.943_DOW7high_SUR.nc
cfrad.20220322_211144.958_to_20220322_211331.874_DOW7high_SUR.nc
cfrad.20220322_211331.890_to_20220322_211518.807_DOW7high_SUR.nc
cfrad.20220322_211518.822_to_20220322_211713.844_DOW7high_SUR.nc
cfrad.20220322_211713.859_to_20220322_211857.325_DOW7high_SUR.nc
cfrad.20220322_212009.000_to_20220322_212144.326_DOW7high_SUR.nc
cfrad.20220322_212144.343_to_20220322_212331.253_DOW7high_SUR.nc
cfrad.20220322_212331.270_to_20220322_212518.186_DOW7high_SUR.nc
cfrad.20220322_212518.203_to_20220322_212713.228_DOW7high_SUR.nc
cfrad.20220322_212713.244_to_20220322_212856.709_DOW7high_SUR.nc
cfrad.20220322_213009.939_to_20220322_213144.966_DOW7high_SUR.nc
cfrad.20220322_213144.981_to_20220322_213331.891_DOW7high_SUR.nc
cfrad.20220322_213331.906_to_20220322_213518.824_DOW7high_SUR.nc
cfrad.20220322_213518.841_to_20220322_213713.865_DOW7high_SUR.nc
cfrad.20220322_213713.880_to_20220322_213857.346_DOW7high_SUR.nc
cfrad.20220322_214009.318_to_20220322_214144.353_DOW7high_SUR.nc
cfrad.20220322_214144.369_to_20220322_214331.275_DOW7high_SUR.nc
cfrad.20220322_214331.292_to_20220322_214518.213_DOW7high_SUR.nc
cfrad.20220322_214518.230_to_20220322_214713.257_DOW7high_SUR.nc
cfrad.20220322_214713.273_to_20220322_214856.738_DOW7high_SUR.nc
cfrad.20220322_215009.963_to_20220322_215144.991_DOW7high_SUR.nc
cfrad.20220322_215145.008_to_20220322_215331.922_DOW7high_SUR.nc
cfrad.20220322_215331.937_to_20220322_215518.851_DOW7high_SUR.nc
cfrad.20220322_215518.866_to_20220322_215713.892_DOW7high_SUR.nc
cfrad.20220322_215713.908_to_20220322_215857.373_DOW7high_SUR.nc
cfrad.20220322_220009.349_to_20220322_220144.374_DOW7high_SUR.nc
cfrad.20220322_220144.391_to_20220322_220331.304_DOW7high_SUR.nc
cfrad.20220322_220331.320_to_20220322_220518.236_DOW7high_SUR.nc
cfrad.20220322_220518.252_to_20220322_220713.275_DOW7high_SUR.nc
cfrad.20220322_220713.290_to_20220322_220856.757_DOW7high_SUR.nc
cfrad.20220322_221010.001_to_20220322_221145.037_DOW7high_SUR.nc
cfrad.20220322_221145.054_to_20220322_221331.968_DOW7high_SUR.nc
cfrad.20220322_221331.985_to_20220322_221518.901_DOW7high_SUR.nc
cfrad.20220322_221518.918_to_20220322_221713.941_DOW7high_SUR.nc
cfrad.20220322_221713.956_to_20220322_221857.419_DOW7high_SUR.nc
cfrad.20220322_222009.065_to_20220322_222144.095_DOW7high_SUR.nc
cfrad.20220322_222144.111_to_20220322_222331.022_DOW7high_SUR.nc
cfrad.20220322_222331.039_to_20220322_222517.950_DOW7high_SUR.nc
cfrad.20220322_222517.967_to_20220322_222712.990_DOW7high_SUR.nc
cfrad.20220322_222713.006_to_20220322_222856.472_DOW7high_SUR.nc
cfrad.20220322_223010.011_to_20220322_223145.039_DOW7high_SUR.nc
cfrad.20220322_223145.056_to_20220322_223331.972_DOW7high_SUR.nc
cfrad.20220322_223331.988_to_20220322_223518.897_DOW7high_SUR.nc
cfrad.20220322_223518.914_to_20220322_223713.940_DOW7high_SUR.nc
cfrad.20220322_223713.956_to_20220322_223857.423_DOW7high_SUR.nc
cfrad.20220322_224009.085_to_20220322_224144.114_DOW7high_SUR.nc
cfrad.20220322_224144.131_to_20220322_224331.044_DOW7high_SUR.nc
cfrad.20220322_224331.060_to_20220322_224517.976_DOW7high_SUR.nc
cfrad.20220322_224517.991_to_20220322_224713.018_DOW7high_SUR.nc
cfrad.20220322_224713.035_to_20220322_224856.496_DOW7high_SUR.nc
cfrad.20220322_225009.740_to_20220322_225144.770_DOW7high_SUR.nc
cfrad.20220322_225144.787_to_20220322_225331.700_DOW7high_SUR.nc
cfrad.20220322_225331.716_to_20220322_225518.630_DOW7high_SUR.nc
cfrad.20220322_225518.646_to_20220322_225713.671_DOW7high_SUR.nc
cfrad.20220322_225713.686_to_20220322_225857.151_DOW7high_SUR.nc
cfrad.20220322_230009.099_to_20220322_230144.136_DOW7high_SUR.nc
cfrad.20220322_200200.536_to_20220322_200221.909_DOW8_SUR.nc
cfrad.20220322_200221.919_to_20220322_200250.425_DOW8_SUR.nc
cfrad.20220322_200250.435_to_20220322_200318.937_DOW8_SUR.nc
cfrad.20220322_200319.134_to_20220322_200354.605_DOW8_SUR.nc
cfrad.20220322_200407.374_to_20220322_200429.117_DOW8_SUR.nc
cfrad.20220322_200429.127_to_20220322_200436.248_DOW8_SUR.nc
cfrad.20220322_200436.257_to_20220322_200457.633_DOW8_SUR.nc
cfrad.20220322_200457.643_to_20220322_200554.687_DOW8_SUR.nc
cfrad.20220322_200554.697_to_20220322_200644.589_DOW8_SUR.nc
cfrad.20220322_200644.598_to_20220322_200713.103_DOW8_SUR.nc
cfrad.20220322_200713.113_to_20220322_200727.359_DOW8_SUR.nc
cfrad.20220322_200727.369_to_20220322_200731.059_DOW8_SUR.nc
cfrad.20220322_200731.069_to_20220322_200741.640_DOW8_SUR.nc
cfrad.20220322_200741.650_to_20220322_200755.898_DOW8_SUR.nc
cfrad.20220322_200755.908_to_20220322_200810.155_DOW8_SUR.nc
cfrad.20220322_200810.165_to_20220322_200831.542_DOW8_SUR.nc
cfrad.20220322_200831.551_to_20220322_200845.800_DOW8_SUR.nc
cfrad.20220322_200845.810_to_20220322_200910.824_DOW8_SUR.nc
cfrad.20220322_200910.893_to_20220322_200928.596_DOW8_SUR.nc
cfrad.20220322_200928.606_to_20220322_200949.982_DOW8_SUR.nc
cfrad.20220322_200949.993_to_20220322_201011.368_DOW8_SUR.nc
cfrad.20220322_201011.377_to_20220322_201018.497_DOW8_SUR.nc
cfrad.20220322_201018.507_to_20220322_201039.884_DOW8_SUR.nc
cfrad.20220322_201039.894_to_20220322_201058.951_DOW8_SUR.nc
cfrad.20220322_201104.679_to_20220322_201118.937_DOW8_SUR.nc
cfrad.20220322_201118.947_to_20220322_201133.195_DOW8_SUR.nc
cfrad.20220322_201133.205_to_20220322_201140.325_DOW8_SUR.nc
Traceback (most recent call last):
  File "/home/syed44/PERiLS/doppler_analysis/quality_check_script.py", line 114, in <module>
    radar = pyart.io.read(file)
  File "/depot/dawson29/data/Projects/PERiLS/apps/perils/lib/python3.10/site-packages/pyart/io/auto_read.py", line 112, in read
    return read_cfradial(filename, **kwargs)    # CF/Radial
  File "/depot/dawson29/data/Projects/PERiLS/apps/perils/lib/python3.10/site-packages/pyart/io/cfradial.py", line 299, in read_cfradial
    _unpack_variable_gate_field_dic(
  File "/depot/dawson29/data/Projects/PERiLS/apps/perils/lib/python3.10/site-packages/pyart/io/cfradial.py", line 398, in _unpack_variable_gate_field_dic
    data[i, :gates] = fdata[idx:idx+gates]
  File "/depot/dawson29/data/Projects/PERiLS/apps/perils/lib/python3.10/site-packages/numpy/ma/core.py", line 3387, in __setitem__
    _data[indx] = dval
ValueError: could not broadcast input array from shape (1499,) into shape (1440,)
